This file contains any messages produced by compilers while
running configure, to aid debugging if configure makes a mistake.

It was created by configure, which was
generated by GNU Autoconf 2.65.  Invocation command line was

  $ ./configure 

## --------- ##
## Platform. ##
## --------- ##

hostname = pickle-on-a-stick
uname -m = x86_64
uname -r = 2.6.32-38-server
uname -s = Linux
uname -v = #83-Ubuntu SMP Wed Jan 4 11:26:59 UTC 2012

/usr/bin/uname -p = unknown
/bin/uname -X     = unknown

/bin/arch              = unknown
/usr/bin/arch -k       = unknown
/usr/convex/getsysinfo = unknown
/usr/bin/hostinfo      = unknown
/bin/machine           = unknown
/usr/bin/oslevel       = unknown
/bin/universe          = unknown

PATH: /lusr/bin
PATH: /sbin
PATH: /bin
PATH: /usr/sbin
PATH: /usr/bin
PATH: /usr/games
PATH: /usr/bin/mh
PATH: /lusr/share/hosts
PATH: /lusr/bin/tex
PATH: /lusr/games/bin
PATH: /lusr/opt/condor/bin
PATH: .


## ----------- ##
## Core tests. ##
## ----------- ##

configure:2408: checking for a BSD-compatible install
configure:2476: result: /usr/bin/install -c
configure:2487: checking whether build environment is sane
configure:2537: result: yes
configure:2678: checking for a thread-safe mkdir -p
configure:2717: result: /bin/mkdir -p
configure:2730: checking for gawk
configure:2746: found /usr/bin/gawk
configure:2757: result: gawk
configure:2768: checking whether make sets $(MAKE)
configure:2790: result: yes
configure:2937: checking for g++
configure:2953: found /usr/bin/g++
configure:2964: result: g++
configure:2991: checking for C++ compiler version
configure:3000: g++ --version >&5
g++ (Ubuntu 4.4.3-4ubuntu5) 4.4.3
Copyright (C) 2009 Free Software Foundation, Inc.
This is free software; see the source for copying conditions.  There is NO
warranty; not even for MERCHANTABILITY or FITNESS FOR A PARTICULAR PURPOSE.

configure:3011: $? = 0
configure:3000: g++ -v >&5
Using built-in specs.
Target: x86_64-linux-gnu
Configured with: ../src/configure -v --with-pkgversion='Ubuntu 4.4.3-4ubuntu5' --with-bugurl=file:///usr/share/doc/gcc-4.4/README.Bugs --enable-languages=c,c++,fortran,objc,obj-c++ --prefix=/usr --enable-shared --enable-multiarch --enable-linker-build-id --with-system-zlib --libexecdir=/usr/lib --without-included-gettext --enable-threads=posix --with-gxx-include-dir=/usr/include/c++/4.4 --program-suffix=-4.4 --enable-nls --enable-clocale=gnu --enable-libstdcxx-debug --enable-plugin --enable-objc-gc --disable-werror --with-arch-32=i486 --with-tune=generic --enable-checking=release --build=x86_64-linux-gnu --host=x86_64-linux-gnu --target=x86_64-linux-gnu
Thread model: posix
gcc version 4.4.3 (Ubuntu 4.4.3-4ubuntu5) 
configure:3011: $? = 0
configure:3000: g++ -V >&5
g++: '-V' option must have argument
configure:3011: $? = 1
configure:3000: g++ -qversion >&5
g++: unrecognized option '-qversion'
g++: no input files
configure:3011: $? = 1
configure:3031: checking whether the C++ compiler works
configure:3053: g++    conftest.cpp  >&5
configure:3057: $? = 0
configure:3106: result: yes
configure:3109: checking for C++ compiler default output file name
configure:3111: result: a.out
configure:3117: checking for suffix of executables
configure:3124: g++ -o conftest    conftest.cpp  >&5
configure:3128: $? = 0
configure:3150: result: 
configure:3172: checking whether we are cross compiling
configure:3180: g++ -o conftest    conftest.cpp  >&5
configure:3184: $? = 0
configure:3191: ./conftest
configure:3195: $? = 0
configure:3210: result: no
configure:3215: checking for suffix of object files
configure:3237: g++ -c   conftest.cpp >&5
configure:3241: $? = 0
configure:3262: result: o
configure:3266: checking whether we are using the GNU C++ compiler
configure:3285: g++ -c   conftest.cpp >&5
configure:3285: $? = 0
configure:3294: result: yes
configure:3303: checking whether g++ accepts -g
configure:3323: g++ -c -g  conftest.cpp >&5
configure:3323: $? = 0
configure:3364: result: yes
configure:3398: checking for style of include used by make
configure:3426: result: GNU
configure:3451: checking dependency style of g++
configure:3561: result: gcc3
configure:3605: checking build system type
configure:3619: result: x86_64-unknown-linux-gnu
configure:3639: checking host system type
configure:3652: result: x86_64-unknown-linux-gnu
configure:3720: checking for gcc
configure:3736: found /usr/bin/gcc
configure:3747: result: gcc
configure:3976: checking for C compiler version
configure:3985: gcc --version >&5
gcc (Ubuntu 4.4.3-4ubuntu5) 4.4.3
Copyright (C) 2009 Free Software Foundation, Inc.
This is free software; see the source for copying conditions.  There is NO
warranty; not even for MERCHANTABILITY or FITNESS FOR A PARTICULAR PURPOSE.

configure:3996: $? = 0
configure:3985: gcc -v >&5
Using built-in specs.
Target: x86_64-linux-gnu
Configured with: ../src/configure -v --with-pkgversion='Ubuntu 4.4.3-4ubuntu5' --with-bugurl=file:///usr/share/doc/gcc-4.4/README.Bugs --enable-languages=c,c++,fortran,objc,obj-c++ --prefix=/usr --enable-shared --enable-multiarch --enable-linker-build-id --with-system-zlib --libexecdir=/usr/lib --without-included-gettext --enable-threads=posix --with-gxx-include-dir=/usr/include/c++/4.4 --program-suffix=-4.4 --enable-nls --enable-clocale=gnu --enable-libstdcxx-debug --enable-plugin --enable-objc-gc --disable-werror --with-arch-32=i486 --with-tune=generic --enable-checking=release --build=x86_64-linux-gnu --host=x86_64-linux-gnu --target=x86_64-linux-gnu
Thread model: posix
gcc version 4.4.3 (Ubuntu 4.4.3-4ubuntu5) 
configure:3996: $? = 0
configure:3985: gcc -V >&5
gcc: '-V' option must have argument
configure:3996: $? = 1
configure:3985: gcc -qversion >&5
gcc: unrecognized option '-qversion'
gcc: no input files
configure:3996: $? = 1
configure:4000: checking whether we are using the GNU C compiler
configure:4019: gcc -c   conftest.c >&5
configure:4019: $? = 0
configure:4028: result: yes
configure:4037: checking whether gcc accepts -g
configure:4057: gcc -c -g  conftest.c >&5
configure:4057: $? = 0
configure:4098: result: yes
configure:4115: checking for gcc option to accept ISO C89
configure:4179: gcc  -c -g -O2  conftest.c >&5
configure:4179: $? = 0
configure:4192: result: none needed
configure:4214: checking dependency style of gcc
configure:4324: result: gcc3
configure:4339: checking for a sed that does not truncate output
configure:4403: result: /bin/sed
configure:4421: checking for grep that handles long lines and -e
configure:4479: result: /bin/grep
configure:4484: checking for egrep
configure:4546: result: /bin/grep -E
configure:4551: checking for fgrep
configure:4613: result: /bin/grep -F
configure:4648: checking for ld used by gcc
configure:4715: result: /usr/bin/ld
configure:4722: checking if the linker (/usr/bin/ld) is GNU ld
configure:4737: result: yes
configure:4749: checking for BSD- or MS-compatible name lister (nm)
configure:4798: result: /usr/bin/nm -B
configure:4916: checking the name lister (/usr/bin/nm -B) interface
configure:4923: g++ -c -g -O2  conftest.cpp >&5
configure:4926: /usr/bin/nm -B "conftest.o"
configure:4929: output
0000000000000000 B some_variable
configure:4936: result: BSD nm
configure:4939: checking whether ln -s works
configure:4943: result: yes
configure:4951: checking the maximum length of command line arguments
configure:5071: result: 1572864
configure:5088: checking whether the shell understands some XSI constructs
configure:5098: result: yes
configure:5102: checking whether the shell understands "+="
configure:5108: result: yes
configure:5143: checking for /usr/bin/ld option to reload object files
configure:5150: result: -r
configure:5219: checking for objdump
configure:5235: found /usr/bin/objdump
configure:5246: result: objdump
configure:5278: checking how to recognize dependent libraries
configure:5474: result: pass_all
configure:5534: checking for ar
configure:5550: found /usr/bin/ar
configure:5561: result: ar
configure:5639: checking for strip
configure:5655: found /usr/bin/strip
configure:5666: result: strip
configure:5738: checking for ranlib
configure:5754: found /usr/bin/ranlib
configure:5765: result: ranlib
configure:5855: checking command to parse /usr/bin/nm -B output from gcc object
configure:5973: g++ -c -g -O2  conftest.cpp >&5
configure:5976: $? = 0
configure:5980: /usr/bin/nm -B conftest.o \| sed -n -e 's/^.*[	 ]\([ABCDGIRSTW][ABCDGIRSTW]*\)[	 ][	 ]*\([_A-Za-z][_A-Za-z0-9]*\)$/\1 \2 \2/p' \> conftest.nm
configure:5983: $? = 0
configure:6037: g++ -o conftest -g -O2   conftest.cpp conftstm.o >&5
configure:6040: $? = 0
configure:6078: result: ok
configure:6174: g++ -c -g -O2  conftest.cpp >&5
configure:6177: $? = 0
configure:6887: checking how to run the C preprocessor
configure:6918: gcc -E  conftest.c
configure:6918: $? = 0
configure:6932: gcc -E  conftest.c
conftest.c:11:28: error: ac_nonexistent.h: No such file or directory
configure:6932: $? = 1
configure: failed program was:
| /* confdefs.h */
| #define PACKAGE_NAME ""
| #define PACKAGE_TARNAME ""
| #define PACKAGE_VERSION ""
| #define PACKAGE_STRING ""
| #define PACKAGE_BUGREPORT ""
| #define PACKAGE_URL ""
| #define PACKAGE "SampleApp"
| #define VERSION "0.1"
| /* end confdefs.h.  */
| #include <ac_nonexistent.h>
configure:6957: result: gcc -E
configure:6977: gcc -E  conftest.c
configure:6977: $? = 0
configure:6991: gcc -E  conftest.c
conftest.c:11:28: error: ac_nonexistent.h: No such file or directory
configure:6991: $? = 1
configure: failed program was:
| /* confdefs.h */
| #define PACKAGE_NAME ""
| #define PACKAGE_TARNAME ""
| #define PACKAGE_VERSION ""
| #define PACKAGE_STRING ""
| #define PACKAGE_BUGREPORT ""
| #define PACKAGE_URL ""
| #define PACKAGE "SampleApp"
| #define VERSION "0.1"
| /* end confdefs.h.  */
| #include <ac_nonexistent.h>
configure:7020: checking for ANSI C header files
configure:7040: gcc -c -g -O2  conftest.c >&5
configure:7040: $? = 0
configure:7113: gcc -o conftest -g -O2   conftest.c  >&5
configure:7113: $? = 0
configure:7113: ./conftest
configure:7113: $? = 0
configure:7124: result: yes
configure:7137: checking for sys/types.h
configure:7137: gcc -c -g -O2  conftest.c >&5
configure:7137: $? = 0
configure:7137: result: yes
configure:7137: checking for sys/stat.h
configure:7137: gcc -c -g -O2  conftest.c >&5
configure:7137: $? = 0
configure:7137: result: yes
configure:7137: checking for stdlib.h
configure:7137: gcc -c -g -O2  conftest.c >&5
configure:7137: $? = 0
configure:7137: result: yes
configure:7137: checking for string.h
configure:7137: gcc -c -g -O2  conftest.c >&5
configure:7137: $? = 0
configure:7137: result: yes
configure:7137: checking for memory.h
configure:7137: gcc -c -g -O2  conftest.c >&5
configure:7137: $? = 0
configure:7137: result: yes
configure:7137: checking for strings.h
configure:7137: gcc -c -g -O2  conftest.c >&5
configure:7137: $? = 0
configure:7137: result: yes
configure:7137: checking for inttypes.h
configure:7137: gcc -c -g -O2  conftest.c >&5
configure:7137: $? = 0
configure:7137: result: yes
configure:7137: checking for stdint.h
configure:7137: gcc -c -g -O2  conftest.c >&5
configure:7137: $? = 0
configure:7137: result: yes
configure:7137: checking for unistd.h
configure:7137: gcc -c -g -O2  conftest.c >&5
configure:7137: $? = 0
configure:7137: result: yes
configure:7152: checking for dlfcn.h
configure:7152: gcc -c -g -O2  conftest.c >&5
configure:7152: $? = 0
configure:7152: result: yes
configure:7277: checking for C++ compiler version
configure:7286: g++ --version >&5
g++ (Ubuntu 4.4.3-4ubuntu5) 4.4.3
Copyright (C) 2009 Free Software Foundation, Inc.
This is free software; see the source for copying conditions.  There is NO
warranty; not even for MERCHANTABILITY or FITNESS FOR A PARTICULAR PURPOSE.

configure:7297: $? = 0
configure:7286: g++ -v >&5
Using built-in specs.
Target: x86_64-linux-gnu
Configured with: ../src/configure -v --with-pkgversion='Ubuntu 4.4.3-4ubuntu5' --with-bugurl=file:///usr/share/doc/gcc-4.4/README.Bugs --enable-languages=c,c++,fortran,objc,obj-c++ --prefix=/usr --enable-shared --enable-multiarch --enable-linker-build-id --with-system-zlib --libexecdir=/usr/lib --without-included-gettext --enable-threads=posix --with-gxx-include-dir=/usr/include/c++/4.4 --program-suffix=-4.4 --enable-nls --enable-clocale=gnu --enable-libstdcxx-debug --enable-plugin --enable-objc-gc --disable-werror --with-arch-32=i486 --with-tune=generic --enable-checking=release --build=x86_64-linux-gnu --host=x86_64-linux-gnu --target=x86_64-linux-gnu
Thread model: posix
gcc version 4.4.3 (Ubuntu 4.4.3-4ubuntu5) 
configure:7297: $? = 0
configure:7286: g++ -V >&5
g++: '-V' option must have argument
configure:7297: $? = 1
configure:7286: g++ -qversion >&5
g++: unrecognized option '-qversion'
g++: no input files
configure:7297: $? = 1
configure:7301: checking whether we are using the GNU C++ compiler
configure:7329: result: yes
configure:7338: checking whether g++ accepts -g
configure:7399: result: yes
configure:7424: checking dependency style of g++
configure:7534: result: gcc3
configure:7557: checking how to run the C++ preprocessor
configure:7584: g++ -E  conftest.cpp
configure:7584: $? = 0
configure:7598: g++ -E  conftest.cpp
conftest.cpp:22:28: error: ac_nonexistent.h: No such file or directory
configure:7598: $? = 1
configure: failed program was:
| /* confdefs.h */
| #define PACKAGE_NAME ""
| #define PACKAGE_TARNAME ""
| #define PACKAGE_VERSION ""
| #define PACKAGE_STRING ""
| #define PACKAGE_BUGREPORT ""
| #define PACKAGE_URL ""
| #define PACKAGE "SampleApp"
| #define VERSION "0.1"
| #define STDC_HEADERS 1
| #define HAVE_SYS_TYPES_H 1
| #define HAVE_SYS_STAT_H 1
| #define HAVE_STDLIB_H 1
| #define HAVE_STRING_H 1
| #define HAVE_MEMORY_H 1
| #define HAVE_STRINGS_H 1
| #define HAVE_INTTYPES_H 1
| #define HAVE_STDINT_H 1
| #define HAVE_UNISTD_H 1
| #define HAVE_DLFCN_H 1
| /* end confdefs.h.  */
| #include <ac_nonexistent.h>
configure:7623: result: g++ -E
configure:7643: g++ -E  conftest.cpp
configure:7643: $? = 0
configure:7657: g++ -E  conftest.cpp
conftest.cpp:22:28: error: ac_nonexistent.h: No such file or directory
configure:7657: $? = 1
configure: failed program was:
| /* confdefs.h */
| #define PACKAGE_NAME ""
| #define PACKAGE_TARNAME ""
| #define PACKAGE_VERSION ""
| #define PACKAGE_STRING ""
| #define PACKAGE_BUGREPORT ""
| #define PACKAGE_URL ""
| #define PACKAGE "SampleApp"
| #define VERSION "0.1"
| #define STDC_HEADERS 1
| #define HAVE_SYS_TYPES_H 1
| #define HAVE_SYS_STAT_H 1
| #define HAVE_STDLIB_H 1
| #define HAVE_STRING_H 1
| #define HAVE_MEMORY_H 1
| #define HAVE_STRINGS_H 1
| #define HAVE_INTTYPES_H 1
| #define HAVE_STDINT_H 1
| #define HAVE_UNISTD_H 1
| #define HAVE_DLFCN_H 1
| /* end confdefs.h.  */
| #include <ac_nonexistent.h>
configure:7863: checking for objdir
configure:7878: result: .libs
configure:8170: checking if gcc supports -fno-rtti -fno-exceptions
configure:8188: gcc -c -g -O2  -fno-rtti -fno-exceptions conftest.c >&5
cc1: warning: command line option "-fno-rtti" is valid for C++/ObjC++ but not for C
configure:8192: $? = 0
configure:8205: result: no
configure:8225: checking for gcc option to produce PIC
configure:8497: result: -fPIC -DPIC
configure:8509: checking if gcc PIC flag -fPIC -DPIC works
configure:8527: gcc -c -g -O2  -fPIC -DPIC -DPIC conftest.c >&5
configure:8531: $? = 0
configure:8544: result: yes
configure:8568: checking if gcc static flag -static works
configure:8596: result: yes
configure:8611: checking if gcc supports -c -o file.o
configure:8632: gcc -c -g -O2  -o out/conftest2.o conftest.c >&5
configure:8636: $? = 0
configure:8658: result: yes
configure:8666: checking if gcc supports -c -o file.o
configure:8713: result: yes
configure:8746: checking whether the gcc linker (/usr/bin/ld -m elf_x86_64) supports shared libraries
configure:9737: result: yes
configure:9774: checking whether -lc should be explicitly linked in
configure:9779: gcc -c -g -O2  conftest.c >&5
configure:9782: $? = 0
configure:9797: gcc -shared conftest.o  -v -Wl,-soname -Wl,conftest -o conftest 2\>\&1 \| /bin/grep  -lc  \>/dev/null 2\>\&1
configure:9800: $? = 0
configure:9812: result: no
configure:9976: checking dynamic linker characteristics
configure:10409: gcc -o conftest -g -O2   -Wl,-rpath -Wl,/foo conftest.c  >&5
configure:10409: $? = 0
configure:10639: result: GNU/Linux ld.so
configure:10741: checking how to hardcode library paths into programs
configure:10766: result: immediate
configure:11286: checking whether stripping libraries is possible
configure:11291: result: yes
configure:11326: checking if libtool supports shared libraries
configure:11328: result: yes
configure:11331: checking whether to build shared libraries
configure:11352: result: yes
configure:11355: checking whether to build static libraries
configure:11359: result: yes
configure:11509: checking for ld used by g++
configure:11576: result: /usr/bin/ld -m elf_x86_64
configure:11583: checking if the linker (/usr/bin/ld -m elf_x86_64) is GNU ld
configure:11598: result: yes
configure:11653: checking whether the g++ linker (/usr/bin/ld -m elf_x86_64) supports shared libraries
configure:12566: result: yes
configure:12594: g++ -c -g -O2  conftest.cpp >&5
configure:12597: $? = 0
configure:12779: checking for g++ option to produce PIC
configure:13096: result: -fPIC -DPIC
configure:13105: checking if g++ PIC flag -fPIC -DPIC works
configure:13123: g++ -c -g -O2  -fPIC -DPIC -DPIC conftest.cpp >&5
configure:13127: $? = 0
configure:13140: result: yes
configure:13161: checking if g++ static flag -static works
configure:13189: result: yes
configure:13201: checking if g++ supports -c -o file.o
configure:13222: g++ -c -g -O2  -o out/conftest2.o conftest.cpp >&5
configure:13226: $? = 0
configure:13248: result: yes
configure:13253: checking if g++ supports -c -o file.o
configure:13300: result: yes
configure:13330: checking whether the g++ linker (/usr/bin/ld -m elf_x86_64) supports shared libraries
configure:13359: result: yes
configure:13496: checking dynamic linker characteristics
configure:13877: g++ -o conftest -g -O2   -Wl,-rpath -Wl,/foo conftest.cpp  >&5
configure:13877: $? = 0
configure:14107: result: GNU/Linux ld.so
configure:14158: checking how to hardcode library paths into programs
configure:14183: result: immediate
configure:14291: checking for pkg-config
configure:14309: found /usr/bin/pkg-config
configure:14321: result: /usr/bin/pkg-config
configure:14346: checking pkg-config is at least version 0.9.0
configure:14349: result: yes
configure:14360: checking for OGRE
configure:14368: $PKG_CONFIG --exists --print-errors "OGRE >= 1.2"
configure:14371: $? = 0
configure:14386: $PKG_CONFIG --exists --print-errors "OGRE >= 1.2"
configure:14389: $? = 0
configure:14444: result: yes
configure:14453: checking for OIS
configure:14461: $PKG_CONFIG --exists --print-errors "OIS >= 1.0"
configure:14464: $? = 0
configure:14479: $PKG_CONFIG --exists --print-errors "OIS >= 1.0"
configure:14482: $? = 0
configure:14537: result: yes
configure:14546: checking for bullet
configure:14554: $PKG_CONFIG --exists --print-errors "bullet >= 2.79"
configure:14557: $? = 0
configure:14572: $PKG_CONFIG --exists --print-errors "bullet >= 2.79"
configure:14575: $? = 0
configure:14630: result: yes
configure:14639: checking for CEGUI
configure:14647: $PKG_CONFIG --exists --print-errors "CEGUI >= 0.7.6"
configure:14650: $? = 0
configure:14665: $PKG_CONFIG --exists --print-errors "CEGUI >= 0.7.6"
configure:14668: $? = 0
configure:14723: result: yes
configure:14858: creating ./config.status

## ---------------------- ##
## Running config.status. ##
## ---------------------- ##

This file was extended by config.status, which was
generated by GNU Autoconf 2.65.  Invocation command line was

  CONFIG_FILES    = 
  CONFIG_HEADERS  = 
  CONFIG_LINKS    = 
  CONFIG_COMMANDS = 
  $ ./config.status 

on pickle-on-a-stick

config.status:1133: creating Makefile
config.status:1133: creating config.h
config.status:1305: config.h is unchanged
config.status:1353: executing depfiles commands
config.status:1353: executing libtool commands

## ---------------- ##
## Cache variables. ##
## ---------------- ##

ac_cv_build=x86_64-unknown-linux-gnu
ac_cv_c_compiler_gnu=yes
ac_cv_cxx_compiler_gnu=yes
ac_cv_env_CCC_set=
ac_cv_env_CCC_value=
ac_cv_env_CC_set=
ac_cv_env_CC_value=
ac_cv_env_CEGUI_CFLAGS_set=
ac_cv_env_CEGUI_CFLAGS_value=
ac_cv_env_CEGUI_LIBS_set=
ac_cv_env_CEGUI_LIBS_value=
ac_cv_env_CFLAGS_set=
ac_cv_env_CFLAGS_value=
ac_cv_env_CPPFLAGS_set=
ac_cv_env_CPPFLAGS_value=
ac_cv_env_CPP_set=
ac_cv_env_CPP_value=
ac_cv_env_CXXCPP_set=
ac_cv_env_CXXCPP_value=
ac_cv_env_CXXFLAGS_set=
ac_cv_env_CXXFLAGS_value=
ac_cv_env_CXX_set=
ac_cv_env_CXX_value=
ac_cv_env_LDFLAGS_set=
ac_cv_env_LDFLAGS_value=
ac_cv_env_LIBS_set=
ac_cv_env_LIBS_value=
ac_cv_env_OGRE_CFLAGS_set=
ac_cv_env_OGRE_CFLAGS_value=
ac_cv_env_OGRE_LIBS_set=
ac_cv_env_OGRE_LIBS_value=
ac_cv_env_OIS_CFLAGS_set=
ac_cv_env_OIS_CFLAGS_value=
ac_cv_env_OIS_LIBS_set=
ac_cv_env_OIS_LIBS_value=
ac_cv_env_PKG_CONFIG_set=
ac_cv_env_PKG_CONFIG_value=
ac_cv_env_build_alias_set=
ac_cv_env_build_alias_value=
ac_cv_env_bullet_CFLAGS_set=
ac_cv_env_bullet_CFLAGS_value=
ac_cv_env_bullet_LIBS_set=
ac_cv_env_bullet_LIBS_value=
ac_cv_env_host_alias_set=
ac_cv_env_host_alias_value=
ac_cv_env_target_alias_set=
ac_cv_env_target_alias_value=
ac_cv_header_dlfcn_h=yes
ac_cv_header_inttypes_h=yes
ac_cv_header_memory_h=yes
ac_cv_header_stdc=yes
ac_cv_header_stdint_h=yes
ac_cv_header_stdlib_h=yes
ac_cv_header_string_h=yes
ac_cv_header_strings_h=yes
ac_cv_header_sys_stat_h=yes
ac_cv_header_sys_types_h=yes
ac_cv_header_unistd_h=yes
ac_cv_host=x86_64-unknown-linux-gnu
ac_cv_objext=o
ac_cv_path_EGREP='/bin/grep -E'
ac_cv_path_FGREP='/bin/grep -F'
ac_cv_path_GREP=/bin/grep
ac_cv_path_SED=/bin/sed
ac_cv_path_ac_pt_PKG_CONFIG=/usr/bin/pkg-config
ac_cv_path_install='/usr/bin/install -c'
ac_cv_path_mkdir=/bin/mkdir
ac_cv_prog_AWK=gawk
ac_cv_prog_CPP='gcc -E'
ac_cv_prog_CXXCPP='g++ -E'
ac_cv_prog_ac_ct_AR=ar
ac_cv_prog_ac_ct_CC=gcc
ac_cv_prog_ac_ct_CXX=g++
ac_cv_prog_ac_ct_OBJDUMP=objdump
ac_cv_prog_ac_ct_RANLIB=ranlib
ac_cv_prog_ac_ct_STRIP=strip
ac_cv_prog_cc_c89=
ac_cv_prog_cc_g=yes
ac_cv_prog_cxx_g=yes
ac_cv_prog_make_make_set=yes
am_cv_CC_dependencies_compiler_type=gcc3
am_cv_CXX_dependencies_compiler_type=gcc3
lt_cv_deplibs_check_method=pass_all
lt_cv_file_magic_cmd='$MAGIC_CMD'
lt_cv_file_magic_test_file=
lt_cv_ld_reload_flag=-r
lt_cv_nm_interface='BSD nm'
lt_cv_objdir=.libs
lt_cv_path_LD=/usr/bin/ld
lt_cv_path_LDCXX='/usr/bin/ld -m elf_x86_64'
lt_cv_path_NM='/usr/bin/nm -B'
lt_cv_prog_compiler_c_o=yes
lt_cv_prog_compiler_c_o_CXX=yes
lt_cv_prog_compiler_pic_works=yes
lt_cv_prog_compiler_pic_works_CXX=yes
lt_cv_prog_compiler_rtti_exceptions=no
lt_cv_prog_compiler_static_works=yes
lt_cv_prog_compiler_static_works_CXX=yes
lt_cv_prog_gnu_ld=yes
lt_cv_prog_gnu_ldcxx=yes
lt_cv_sys_global_symbol_pipe='sed -n -e '\''s/^.*[	 ]\([ABCDGIRSTW][ABCDGIRSTW]*\)[	 ][	 ]*\([_A-Za-z][_A-Za-z0-9]*\)$/\1 \2 \2/p'\'''
lt_cv_sys_global_symbol_to_c_name_address='sed -n -e '\''s/^: \([^ ]*\) $/  {\"\1\", (void *) 0},/p'\'' -e '\''s/^[ABCDGIRSTW]* \([^ ]*\) \([^ ]*\)$/  {"\2", (void *) \&\2},/p'\'''
lt_cv_sys_global_symbol_to_c_name_address_lib_prefix='sed -n -e '\''s/^: \([^ ]*\) $/  {\"\1\", (void *) 0},/p'\'' -e '\''s/^[ABCDGIRSTW]* \([^ ]*\) \(lib[^ ]*\)$/  {"\2", (void *) \&\2},/p'\'' -e '\''s/^[ABCDGIRSTW]* \([^ ]*\) \([^ ]*\)$/  {"lib\2", (void *) \&\2},/p'\'''
lt_cv_sys_global_symbol_to_cdecl='sed -n -e '\''s/^T .* \(.*\)$/extern int \1();/p'\'' -e '\''s/^[ABCDGIRSTW]* .* \(.*\)$/extern char \1;/p'\'''
lt_cv_sys_max_cmd_len=1572864
pkg_cv_CEGUI_CFLAGS='-I/lusr/opt/cegui-0.7.6/include -I/lusr/opt/cegui-0.7.6/include/CEGUI  '
pkg_cv_CEGUI_LIBS='-L/lusr/opt/cegui-0.7.6/lib -lCEGUIBase  '
pkg_cv_OGRE_CFLAGS='-pthread -I/lusr/opt/ogre-1.7.4/include -I/lusr/opt/ogre-1.7.4/include/OGRE  '
pkg_cv_OGRE_LIBS='-L/lusr/opt/ogre-1.7.4/lib -lOgreMain -lpthread  '
pkg_cv_OIS_CFLAGS='-I/usr/include/OIS  '
pkg_cv_OIS_LIBS='-lOIS  '
pkg_cv_bullet_CFLAGS='-I/usr/local/include/bullet  '
pkg_cv_bullet_LIBS='-L/usr/local/lib -lBulletSoftBody -lBulletDynamics -lBulletCollision -lLinearMath  '

## ----------------- ##
## Output variables. ##
## ----------------- ##

ACLOCAL='${SHELL} /u/ruoyi/GameTech/Assignment-2/missing --run aclocal-1.11'
AMDEPBACKSLASH='\'
AMDEP_FALSE='#'
AMDEP_TRUE=''
AMTAR='${SHELL} /u/ruoyi/GameTech/Assignment-2/missing --run tar'
AR='ar'
AUTOCONF='${SHELL} /u/ruoyi/GameTech/Assignment-2/missing --run autoconf'
AUTOHEADER='${SHELL} /u/ruoyi/GameTech/Assignment-2/missing --run autoheader'
AUTOMAKE='${SHELL} /u/ruoyi/GameTech/Assignment-2/missing --run automake-1.11'
AWK='gawk'
CC='gcc'
CCDEPMODE='depmode=gcc3'
CEGUI_CFLAGS='-I/lusr/opt/cegui-0.7.6/include -I/lusr/opt/cegui-0.7.6/include/CEGUI  '
CEGUI_LIBS='-L/lusr/opt/cegui-0.7.6/lib -lCEGUIBase  '
CFLAGS='-g -O2'
CPP='gcc -E'
CPPFLAGS=''
CXX='g++'
CXXCPP='g++ -E'
CXXDEPMODE='depmode=gcc3'
CXXFLAGS='-g -O2'
CYGPATH_W='echo'
DEFS='-DHAVE_CONFIG_H'
DEPDIR='.deps'
DSYMUTIL=''
DUMPBIN=''
ECHO_C=''
ECHO_N='-n'
ECHO_T=''
EGREP='/bin/grep -E'
EXEEXT=''
FGREP='/bin/grep -F'
GREP='/bin/grep'
INSTALL_DATA='${INSTALL} -m 644'
INSTALL_PROGRAM='${INSTALL}'
INSTALL_SCRIPT='${INSTALL}'
INSTALL_STRIP_PROGRAM='$(install_sh) -c -s'
LD='/usr/bin/ld -m elf_x86_64'
LDFLAGS=''
LIBOBJS=''
LIBS=''
LIBTOOL='$(SHELL) $(top_builddir)/libtool'
LIPO=''
LN_S='ln -s'
LTLIBOBJS=''
MAKEINFO='${SHELL} /u/ruoyi/GameTech/Assignment-2/missing --run makeinfo'
MKDIR_P='/bin/mkdir -p'
NM='/usr/bin/nm -B'
NMEDIT=''
OBJDUMP='objdump'
OBJEXT='o'
OGRE_CFLAGS='-pthread -I/lusr/opt/ogre-1.7.4/include -I/lusr/opt/ogre-1.7.4/include/OGRE  '
OGRE_LIBS='-L/lusr/opt/ogre-1.7.4/lib -lOgreMain -lpthread  '
OIS_CFLAGS='-I/usr/include/OIS  '
OIS_LIBS='-lOIS  '
OTOOL64=''
OTOOL=''
PACKAGE='SampleApp'
PACKAGE_BUGREPORT=''
PACKAGE_NAME=''
PACKAGE_STRING=''
PACKAGE_TARNAME=''
PACKAGE_URL=''
PACKAGE_VERSION=''
PATH_SEPARATOR=':'
PKG_CONFIG='/usr/bin/pkg-config'
RANLIB='ranlib'
SED='/bin/sed'
SET_MAKE=''
SHELL='/bin/bash'
STRIP='strip'
VERSION='0.1'
ac_ct_CC='gcc'
ac_ct_CXX='g++'
ac_ct_DUMPBIN=''
am__EXEEXT_FALSE=''
am__EXEEXT_TRUE='#'
am__fastdepCC_FALSE='#'
am__fastdepCC_TRUE=''
am__fastdepCXX_FALSE='#'
am__fastdepCXX_TRUE=''
am__include='include'
am__isrc=''
am__leading_dot='.'
am__quote=''
am__tar='${AMTAR} chof - "$$tardir"'
am__untar='${AMTAR} xf -'
bindir='${exec_prefix}/bin'
build='x86_64-unknown-linux-gnu'
build_alias=''
build_cpu='x86_64'
build_os='linux-gnu'
build_vendor='unknown'
bullet_CFLAGS='-I/usr/local/include/bullet  '
bullet_LIBS='-L/usr/local/lib -lBulletSoftBody -lBulletDynamics -lBulletCollision -lLinearMath  '
datadir='${datarootdir}'
datarootdir='${prefix}/share'
docdir='${datarootdir}/doc/${PACKAGE}'
dvidir='${docdir}'
exec_prefix='${prefix}'
host='x86_64-unknown-linux-gnu'
host_alias=''
host_cpu='x86_64'
host_os='linux-gnu'
host_vendor='unknown'
htmldir='${docdir}'
includedir='${prefix}/include'
infodir='${datarootdir}/info'
install_sh='${SHELL} /u/ruoyi/GameTech/Assignment-2/install-sh'
libdir='${exec_prefix}/lib'
libexecdir='${exec_prefix}/libexec'
localedir='${datarootdir}/locale'
localstatedir='${prefix}/var'
lt_ECHO='echo'
mandir='${datarootdir}/man'
mkdir_p='/bin/mkdir -p'
oldincludedir='/usr/include'
pdfdir='${docdir}'
prefix='/usr/local'
program_transform_name='s,x,x,'
psdir='${docdir}'
sbindir='${exec_prefix}/sbin'
sharedstatedir='${prefix}/com'
sysconfdir='${prefix}/etc'
target_alias=''

## ----------- ##
## confdefs.h. ##
## ----------- ##

/* confdefs.h */
#define PACKAGE_NAME ""
#define PACKAGE_TARNAME ""
#define PACKAGE_VERSION ""
#define PACKAGE_STRING ""
#define PACKAGE_BUGREPORT ""
#define PACKAGE_URL ""
#define PACKAGE "SampleApp"
#define VERSION "0.1"
#define STDC_HEADERS 1
#define HAVE_SYS_TYPES_H 1
#define HAVE_SYS_STAT_H 1
#define HAVE_STDLIB_H 1
#define HAVE_STRING_H 1
#define HAVE_MEMORY_H 1
#define HAVE_STRINGS_H 1
#define HAVE_INTTYPES_H 1
#define HAVE_STDINT_H 1
#define HAVE_UNISTD_H 1
#define HAVE_DLFCN_H 1
#define LT_OBJDIR ".libs/"

configure: exit 0

## ---------------------- ##
## Running config.status. ##
## ---------------------- ##

This file was extended by config.status, which was
generated by GNU Autoconf 2.65.  Invocation command line was

  CONFIG_FILES    = 
  CONFIG_HEADERS  = 
  CONFIG_LINKS    = 
  CONFIG_COMMANDS = 
  $ ./config.status config.h

on pickle-on-a-stick

config.status:1133: creating config.h
config.status:1305: config.h is unchanged
