13:53:01: Creating resource group General
13:53:01: Creating resource group Internal
13:53:01: Creating resource group Autodetect
13:53:01: SceneManagerFactory for type 'DefaultSceneManager' registered.
13:53:01: Registering ResourceManager for type Material
13:53:01: Registering ResourceManager for type Mesh
13:53:01: Registering ResourceManager for type Skeleton
13:53:01: MovableObjectFactory for type 'ParticleSystem' registered.
13:53:01: OverlayElementFactory for type Panel registered.
13:53:01: OverlayElementFactory for type BorderPanel registered.
13:53:01: OverlayElementFactory for type TextArea registered.
13:53:01: Registering ResourceManager for type Font
13:53:01: ArchiveFactory for archive type FileSystem registered.
13:53:01: ArchiveFactory for archive type Zip registered.
13:53:01: DDS codec registering
13:53:01: FreeImage version: 3.10.0
13:53:01: This program uses FreeImage, a free, open source image library supporting all common bitmap formats. See http://freeimage.sourceforge.net for details
13:53:01: Supported formats: bmp,ico,jpg,jif,jpeg,jpe,jng,koa,iff,lbm,mng,pbm,pbm,pcd,pcx,pgm,pgm,png,ppm,ppm,ras,tga,targa,tif,tiff,wap,wbmp,wbm,psd,cut,xbm,xpm,gif,hdr,g3,sgi,exr,j2k,j2c,jp2
13:53:01: Registering ResourceManager for type HighLevelGpuProgram
13:53:01: Registering ResourceManager for type Compositor
13:53:01: MovableObjectFactory for type 'Entity' registered.
13:53:01: MovableObjectFactory for type 'Light' registered.
13:53:01: MovableObjectFactory for type 'BillboardSet' registered.
13:53:01: MovableObjectFactory for type 'ManualObject' registered.
13:53:01: MovableObjectFactory for type 'BillboardChain' registered.
13:53:01: MovableObjectFactory for type 'RibbonTrail' registered.
13:53:01: Loading library /usr/local/lib/OGRE/RenderSystem_GL
13:53:01: Installing plugin: GL RenderSystem
13:53:01: OpenGL Rendering Subsystem created.
13:53:01: Plugin successfully installed
13:53:01: Loading library /usr/local/lib/OGRE/Plugin_ParticleFX
13:53:01: Installing plugin: ParticleFX
13:53:01: Particle Emitter Type 'Point' registered
13:53:01: Particle Emitter Type 'Box' registered
13:53:01: Particle Emitter Type 'Ellipsoid' registered
13:53:01: Particle Emitter Type 'Cylinder' registered
13:53:01: Particle Emitter Type 'Ring' registered
13:53:01: Particle Emitter Type 'HollowEllipsoid' registered
13:53:01: Particle Affector Type 'LinearForce' registered
13:53:01: Particle Affector Type 'ColourFader' registered
13:53:01: Particle Affector Type 'ColourFader2' registered
13:53:01: Particle Affector Type 'ColourImage' registered
13:53:01: Particle Affector Type 'ColourInterpolator' registered
13:53:01: Particle Affector Type 'Scaler' registered
13:53:01: Particle Affector Type 'Rotator' registered
13:53:01: Particle Affector Type 'DirectionRandomiser' registered
13:53:01: Particle Affector Type 'DeflectorPlane' registered
13:53:01: Plugin successfully installed
13:53:01: Loading library /usr/local/lib/OGRE/Plugin_BSPSceneManager
13:53:01: Installing plugin: BSP Scene Manager
13:53:01: Plugin successfully installed
13:53:01: Loading library /usr/local/lib/OGRE/Plugin_PCZSceneManager
13:53:01: Installing plugin: Portal Connected Zone Scene Manager
13:53:01: PCZone Factory Type 'ZoneType_Default' registered
13:53:01: Plugin successfully installed
13:53:01: Loading library /usr/local/lib/OGRE/Plugin_OctreeZone
13:53:01: Installing plugin: Octree Zone Factory
13:53:01: Plugin successfully installed
13:53:01: Loading library /usr/local/lib/OGRE/Plugin_OctreeSceneManager
13:53:01: Installing plugin: Octree & Terrain Scene Manager
13:53:01: Plugin successfully installed
13:53:01: *-*-* OGRE Initialising
13:53:01: *-*-* Version 1.7.4 (Cthugha)
13:53:02: CPU Identifier & Features
13:53:02: -------------------------
13:53:02:  *   CPU ID: GenuineIntel: Intel(R) Xeon(R) CPU E31270 @ 3.40GHz
13:53:02:  *      SSE: yes
13:53:02:  *     SSE2: yes
13:53:02:  *     SSE3: yes
13:53:02:  *      MMX: yes
13:53:02:  *   MMXEXT: yes
13:53:02:  *    3DNOW: no
13:53:02:  * 3DNOWEXT: no
13:53:02:  *     CMOV: yes
13:53:02:  *      TSC: yes
13:53:02:  *      FPU: yes
13:53:02:  *      PRO: yes
13:53:02:  *       HT: no
13:53:02: -------------------------
13:53:02: ******************************
*** Starting GLX Subsystem ***
******************************
13:53:02: GLRenderSystem::_createRenderWindow "DemoApp v1.0", 1440x900 windowed  miscParams: FSAA=0 displayFrequency=50 MHz gamma=No vsync=No 
13:53:02: OGRE EXCEPTION(6:FileNotFoundException): Cannot locate resource GLX_icon.png in resource group General or any other group. in ResourceGroupManager::openResource at /lusr/share/cvsbuild/linux/ogre_src_v1-7-4/OgreMain/src/OgreResourceGroupManager.cpp (line 753)
13:53:02: GLXWindow::create used FBConfigID = 261
13:53:02: GL_VERSION = 4.2.0 NVIDIA 295.20
13:53:02: GL_VENDOR = NVIDIA Corporation
13:53:02: GL_RENDERER = Quadro 600/PCIe/SSE2
13:53:02: GL_EXTENSIONS = GL_ARB_base_instance GL_ARB_blend_func_extended GL_ARB_color_buffer_float GL_ARB_compatibility GL_ARB_compressed_texture_pixel_storage GL_ARB_conservative_depth GL_ARB_copy_buffer GL_ARB_depth_buffer_float GL_ARB_depth_clamp GL_ARB_depth_texture GL_ARB_draw_buffers GL_ARB_draw_buffers_blend GL_ARB_draw_indirect GL_ARB_draw_elements_base_vertex GL_ARB_draw_instanced GL_ARB_ES2_compatibility GL_ARB_explicit_attrib_location GL_ARB_fragment_coord_conventions GL_ARB_fragment_program GL_ARB_fragment_program_shadow GL_ARB_fragment_shader GL_ARB_framebuffer_object GL_ARB_framebuffer_sRGB GL_ARB_geometry_shader4 GL_ARB_get_program_binary GL_ARB_gpu_shader5 GL_ARB_gpu_shader_fp64 GL_ARB_half_float_pixel GL_ARB_half_float_vertex GL_ARB_imaging GL_ARB_instanced_arrays GL_ARB_internalformat_query GL_ARB_map_buffer_alignment GL_ARB_map_buffer_range GL_ARB_multisample GL_ARB_multitexture GL_ARB_occlusion_query GL_ARB_occlusion_query2 GL_ARB_pixel_buffer_object GL_ARB_point_parameters GL_ARB_point_sprite GL_ARB_provoking_vertex GL_ARB_robustness GL_ARB_sample_shading GL_ARB_sampler_objects GL_ARB_seamless_cube_map GL_ARB_separate_shader_objects GL_ARB_shader_atomic_counters GL_ARB_shader_bit_encoding GL_ARB_shader_image_load_store GL_ARB_shader_objects GL_ARB_shader_precision GL_ARB_shader_subroutine GL_ARB_shading_language_100 GL_ARB_shading_language_420pack GL_ARB_shading_language_include GL_ARB_shading_language_packing GL_ARB_shadow GL_ARB_sync GL_ARB_tessellation_shader GL_ARB_texture_border_clamp GL_ARB_texture_buffer_object GL_ARB_texture_buffer_object_rgb32 GL_ARB_texture_compression GL_ARB_texture_compression_bptc GL_ARB_texture_compression_rgtc GL_ARB_texture_cube_map GL_ARB_texture_cube_map_array GL_ARB_texture_env_add GL_ARB_texture_env_combine GL_ARB_texture_env_crossbar GL_ARB_texture_env_dot3 GL_ARB_texture_float GL_ARB_texture_gather GL_ARB_texture_mirrored_repeat GL_ARB_texture_multisample GL_ARB_texture_non_power_of_two GL_ARB_texture_query_lod GL_ARB_texture_rectangle GL_ARB_texture_rg GL_ARB_texture_rgb10_a2ui GL_ARB_texture_storage GL_ARB_texture_swizzle GL_ARB_timer_query GL_ARB_transform_feedback2 GL_ARB_transform_feedback3 GL_ARB_transform_feedback_instanced GL_ARB_transpose_matrix GL_ARB_uniform_buffer_object GL_ARB_vertex_array_bgra GL_ARB_vertex_array_object GL_ARB_vertex_attrib_64bit GL_ARB_vertex_buffer_object GL_ARB_vertex_program GL_ARB_vertex_shader GL_ARB_vertex_type_2_10_10_10_rev GL_ARB_viewport_array GL_ARB_window_pos GL_ATI_draw_buffers GL_ATI_texture_float GL_ATI_texture_mirror_once GL_S3_s3tc GL_EXT_texture_env_add GL_EXT_abgr GL_EXT_bgra GL_EXT_bindable_uniform GL_EXT_blend_color GL_EXT_blend_equation_separate GL_EXT_blend_func_separate GL_EXT_blend_minmax GL_EXT_blend_subtract GL_EXT_compiled_vertex_array GL_EXT_Cg_shader GL_EXT_depth_bounds_test GL_EXT_direct_state_access GL_EXT_draw_buffers2 GL_EXT_draw_instanced GL_EXT_draw_range_elements GL_EXT_fog_coord GL_EXT_framebuffer_blit GL_EXT_framebuffer_multisample GL_EXTX_framebuffer_mixed_formats GL_EXT_framebuffer_object GL_EXT_framebuffer_sRGB GL_EXT_geometry_shader4 GL_EXT_gpu_program_parameters GL_EXT_gpu_shader4 GL_EXT_multi_draw_arrays GL_EXT_packed_depth_stencil GL_EXT_packed_float GL_EXT_packed_pixels GL_EXT_pixel_buffer_object GL_EXT_point_parameters GL_EXT_provoking_vertex GL_EXT_rescale_normal GL_EXT_secondary_color GL_EXT_separate_shader_objects GL_EXT_separate_specular_color GL_EXT_shader_image_load_store GL_EXT_shadow_funcs GL_EXT_stencil_two_side GL_EXT_stencil_wrap GL_EXT_texture3D GL_EXT_texture_array GL_EXT_texture_buffer_object GL_EXT_texture_compression_dxt1 GL_EXT_texture_compression_latc GL_EXT_texture_compression_rgtc GL_EXT_texture_compression_s3tc GL_EXT_texture_cube_map GL_EXT_texture_edge_clamp GL_EXT_texture_env_combine GL_EXT_texture_env_dot3 GL_EXT_texture_filter_anisotropic GL_EXT_texture_format_BGRA8888 GL_EXT_texture_integer GL_EXT_texture_lod GL_EXT_texture_lod_bias GL_EXT_texture_mirror_clamp GL_EXT_texture_object GL_EXT_texture_shared_exponent GL_EXT_texture_sRGB GL_EXT_texture_sRGB_decode GL_EXT_texture_storage GL_EXT_texture_swizzle GL_EXT_texture_type_2_10_10_10_REV GL_EXT_timer_query GL_EXT_transform_feedback2 GL_EXT_vertex_array GL_EXT_vertex_array_bgra GL_EXT_vertex_attrib_64bit GL_EXT_x11_sync_object GL_EXT_import_sync_object GL_IBM_rasterpos_clip GL_IBM_texture_mirrored_repeat GL_KTX_buffer_region GL_NV_alpha_test GL_NV_blend_minmax GL_NV_blend_square GL_NV_complex_primitives GL_NV_conditional_render GL_NV_copy_depth_to_color GL_NV_copy_image GL_NV_depth_buffer_float GL_NV_depth_clamp GL_NV_explicit_multisample GL_NV_fbo_color_attachments GL_NV_fence GL_NV_float_buffer GL_NV_fog_distance GL_NV_fragdepth GL_NV_fragment_program GL_NV_fragment_program_option GL_NV_fragment_program2 GL_NV_framebuffer_multisample_coverage GL_NV_geometry_shader4 GL_NV_gpu_program4 GL_NV_gpu_program4_1 GL_NV_gpu_program5 GL_NV_gpu_program_fp64 GL_NV_gpu_shader5 GL_NV_half_float GL_NV_light_max_exponent GL_NV_multisample_coverage GL_NV_multisample_filter_hint GL_NV_occlusion_query GL_NV_packed_depth_stencil GL_NV_parameter_buffer_object GL_NV_parameter_buffer_object2 GL_NV_path_rendering GL_NV_pixel_data_range GL_NV_point_sprite GL_NV_primitive_restart GL_NV_register_combiners GL_NV_register_combiners2 GL_NV_shader_atomic_counters GL_NV_shader_buffer_load GL_NV_texgen_reflection GL_NV_texture_barrier GL_NV_texture_compression_vtc GL_NV_texture_env_combine4 GL_NV_texture_expand_normal GL_NV_texture_lod_clamp GL_NV_texture_multisample GL_NV_texture_rectangle GL_NV_texture_shader GL_NV_texture_shader2 GL_NV_texture_shader3 GL_NV_transform_feedback GL_NV_transform_feedback2 GL_NV_vdpau_interop GL_NV_vertex_array_range GL_NV_vertex_array_range2 GL_NV_vertex_attrib_integer_64bit GL_NV_vertex_buffer_unified_memory GL_NV_vertex_program GL_NV_vertex_program1_1 GL_NV_vertex_program2 GL_NV_vertex_program2_option GL_NV_vertex_program3 GL_NVX_conditional_render GL_NVX_gpu_memory_info GL_OES_depth24 GL_OES_depth32 GL_OES_depth_texture GL_OES_element_index_uint GL_OES_fbo_render_mipmap GL_OES_get_program_binary GL_OES_mapbuffer GL_OES_packed_depth_stencil GL_OES_rgb8_rgba8 GL_OES_standard_derivatives GL_OES_texture_3D GL_OES_texture_float GL_OES_texture_float_linear GL_OES_texture_half_float GL_OES_texture_half_float_linear GL_OES_texture_npot GL_OES_vertex_array_object GL_OES_vertex_half_float GL_SGIS_generate_mipmap GL_SGIS_texture_lod GL_SGIX_depth_texture GL_SGIX_shadow GL_SUN_slice_accum 
13:53:02: Supported GLX extensions: GLX_EXT_visual_info GLX_EXT_visual_rating GLX_SGIX_fbconfig GLX_SGIX_pbuffer GLX_SGI_video_sync GLX_SGI_swap_control GLX_EXT_swap_control GLX_EXT_texture_from_pixmap GLX_ARB_create_context GLX_ARB_create_context_profile GLX_EXT_create_context_es2_profile GLX_ARB_create_context_robustness GLX_ARB_multisample GLX_NV_float_buffer GLX_ARB_fbconfig_float GLX_NV_swap_group GLX_EXT_framebuffer_sRGB GLX_NV_multisample_coverage GLX_NV_copy_image GLX_NV_video_capture GLX_ARB_get_proc_address 
13:53:02: ***************************
13:53:02: *** GL Renderer Started ***
13:53:02: ***************************
13:53:02: Registering ResourceManager for type GpuProgram
13:53:02: GLSL support detected
13:53:02: GL: Using GL_EXT_framebuffer_object for rendering to textures (best)
13:53:02: FBO PF_UNKNOWN depth/stencil support: D16S0 D24S0 D32S0 Packed-D24S8 
13:53:02: FBO PF_L8 depth/stencil support: D0S0 D16S0 D24S0 D32S0 Packed-D24S8 
13:53:02: FBO PF_A8 depth/stencil support: D0S0 D16S0 D24S0 D32S0 Packed-D24S8 
13:53:02: FBO PF_A4L4 depth/stencil support: D0S0 D16S0 D24S0 D32S0 Packed-D24S8 
13:53:02: FBO PF_BYTE_LA depth/stencil support: D0S0 D16S0 D24S0 D32S0 Packed-D24S8 
13:53:02: FBO PF_R5G6B5 depth/stencil support: D0S0 D16S0 D24S0 D32S0 Packed-D24S8 
13:53:02: FBO PF_B5G6R5 depth/stencil support: D0S0 D16S0 D24S0 D32S0 Packed-D24S8 
13:53:02: FBO PF_A4R4G4B4 depth/stencil support: D0S0 D16S0 D24S0 D32S0 Packed-D24S8 
13:53:02: FBO PF_A1R5G5B5 depth/stencil support: D0S0 D16S0 D24S0 D32S0 Packed-D24S8 
13:53:02: FBO PF_R8G8B8 depth/stencil support: D0S0 D16S0 D24S0 D32S0 Packed-D24S8 
13:53:02: FBO PF_B8G8R8 depth/stencil support: D0S0 D16S0 D24S0 D32S0 Packed-D24S8 
13:53:02: FBO PF_A8R8G8B8 depth/stencil support: D0S0 D16S0 D24S0 D32S0 Packed-D24S8 
13:53:02: FBO PF_B8G8R8A8 depth/stencil support: D0S0 D16S0 D24S0 D32S0 Packed-D24S8 
13:53:02: FBO PF_A2R10G10B10 depth/stencil support: D0S0 D16S0 D24S0 D32S0 Packed-D24S8 
13:53:02: FBO PF_A2B10G10R10 depth/stencil support: D0S0 D16S0 D24S0 D32S0 Packed-D24S8 
13:53:02: FBO PF_FLOAT16_RGB depth/stencil support: D0S0 D16S0 D24S0 D32S0 Packed-D24S8 
13:53:02: FBO PF_FLOAT16_RGBA depth/stencil support: D0S0 D16S0 D24S0 D32S0 Packed-D24S8 
13:53:02: FBO PF_FLOAT32_RGB depth/stencil support: D0S0 D16S0 D24S0 D32S0 Packed-D24S8 
13:53:02: FBO PF_FLOAT32_RGBA depth/stencil support: D0S0 D16S0 D24S0 D32S0 Packed-D24S8 
13:53:02: FBO PF_X8R8G8B8 depth/stencil support: D0S0 D16S0 D24S0 D32S0 Packed-D24S8 
13:53:02: FBO PF_X8B8G8R8 depth/stencil support: D0S0 D16S0 D24S0 D32S0 Packed-D24S8 
13:53:02: FBO PF_SHORT_RGBA depth/stencil support: D0S0 D16S0 D24S0 D32S0 Packed-D24S8 
13:53:02: FBO PF_R3G3B2 depth/stencil support: D0S0 D16S0 D24S0 D32S0 Packed-D24S8 
13:53:02: FBO PF_FLOAT16_R depth/stencil support: D0S0 D16S0 D24S0 D32S0 Packed-D24S8 
13:53:02: FBO PF_FLOAT32_R depth/stencil support: D0S0 D16S0 D24S0 D32S0 Packed-D24S8 
13:53:02: FBO PF_FLOAT16_GR depth/stencil support: D0S0 D16S0 D24S0 D32S0 Packed-D24S8 
13:53:02: FBO PF_FLOAT32_GR depth/stencil support: D0S0 D16S0 D24S0 D32S0 Packed-D24S8 
13:53:02: FBO PF_SHORT_RGB depth/stencil support: D0S0 D16S0 D24S0 D32S0 Packed-D24S8 
13:53:02: [GL] : Valid FBO targets PF_UNKNOWN PF_L8 PF_A8 PF_A4L4 PF_BYTE_LA PF_R5G6B5 PF_B5G6R5 PF_A4R4G4B4 PF_A1R5G5B5 PF_R8G8B8 PF_B8G8R8 PF_A8R8G8B8 PF_B8G8R8A8 PF_A2R10G10B10 PF_A2B10G10R10 PF_FLOAT16_RGB PF_FLOAT16_RGBA PF_FLOAT32_RGB PF_FLOAT32_RGBA PF_X8R8G8B8 PF_X8B8G8R8 PF_SHORT_RGBA PF_R3G3B2 PF_FLOAT16_R PF_FLOAT32_R PF_FLOAT16_GR PF_FLOAT32_GR PF_SHORT_RGB 
13:53:02: RenderSystem capabilities
13:53:02: -------------------------
13:53:02: RenderSystem Name: OpenGL Rendering Subsystem
13:53:02: GPU Vendor: nvidia
13:53:02: Device Name: Quadro 600/PCIe/SSE2
13:53:02: Driver Version: 4.2.0.0
13:53:02:  * Fixed function pipeline: yes
13:53:02:  * Hardware generation of mipmaps: yes
13:53:02:  * Texture blending: yes
13:53:02:  * Anisotropic texture filtering: yes
13:53:02:  * Dot product texture operation: yes
13:53:02:  * Cube mapping: yes
13:53:02:  * Hardware stencil buffer: yes
13:53:02:    - Stencil depth: 8
13:53:02:    - Two sided stencil support: yes
13:53:02:    - Wrap stencil values: yes
13:53:02:  * Hardware vertex / index buffers: yes
13:53:02:  * Vertex programs: yes
13:53:02:  * Number of floating-point constants for vertex programs: 1024
13:53:02:  * Number of integer constants for vertex programs: 0
13:53:02:  * Number of boolean constants for vertex programs: 0
13:53:02:  * Fragment programs: yes
13:53:02:  * Number of floating-point constants for fragment programs: 512
13:53:02:  * Number of integer constants for fragment programs: 0
13:53:02:  * Number of boolean constants for fragment programs: 0
13:53:02:  * Geometry programs: yes
13:53:02:  * Number of floating-point constants for geometry programs: 2048
13:53:02:  * Number of integer constants for geometry programs: 0
13:53:02:  * Number of boolean constants for geometry programs: 0
13:53:02:  * Supported Shader Profiles: arbfp1 arbvp1 fp20 fp30 fp40 glsl gp4gp gp4vp gpu_gp gpu_vp nvgp4 vp30 vp40
13:53:02:  * Texture Compression: yes
13:53:02:    - DXT: yes
13:53:02:    - VTC: yes
13:53:02:    - PVRTC: no
13:53:02:  * Scissor Rectangle: yes
13:53:02:  * Hardware Occlusion Query: yes
13:53:02:  * User clip planes: yes
13:53:02:  * VET_UBYTE4 vertex element type: yes
13:53:02:  * Infinite far plane projection: yes
13:53:02:  * Hardware render-to-texture: yes
13:53:02:  * Floating point textures: yes
13:53:02:  * Non-power-of-two textures: yes
13:53:02:  * Volume textures: yes
13:53:02:  * Multiple Render Targets: 8
13:53:02:    - With different bit depths: yes
13:53:02:  * Point Sprites: yes
13:53:02:  * Extended point parameters: yes
13:53:02:  * Max Point Size: 63.375
13:53:02:  * Vertex texture fetch: yes
13:53:02:  * Number of world matrices: 0
13:53:02:  * Number of texture units: 32
13:53:02:  * Stencil buffer depth: 8
13:53:02:  * Number of vertex blend matrices: 0
13:53:02:    - Max vertex textures: 32
13:53:02:    - Vertex textures shared: yes
13:53:02:  * Render to Vertex Buffer : yes
13:53:02:  * GL 1.5 without VBO workaround: no
13:53:02:  * Frame Buffer objects: yes
13:53:02:  * Frame Buffer objects (ARB extension): no
13:53:02:  * Frame Buffer objects (ATI extension): no
13:53:02:  * PBuffer support: yes
13:53:02:  * GL 1.5 without HW-occlusion workaround: no
13:53:02: Registering ResourceManager for type Texture
13:53:02: DefaultWorkQueue('Root') initialising on thread 0x22e06a0.
13:53:02: DefaultWorkQueue('Root')::WorkerFunc - thread 0x236c4e0 starting.
13:53:02: DefaultWorkQueue('Root')::WorkerFunc - thread 0x236c600 starting.
13:53:02: DefaultWorkQueue('Root')::WorkerFunc - thread 0x2588a40 starting.
13:53:02: DefaultWorkQueue('Root')::WorkerFunc - thread 0x257ddc0 starting.
13:53:02: DefaultWorkQueue('Root')::WorkerFunc - thread 0x258a3b0 starting.
13:53:02: DefaultWorkQueue('Root')::WorkerFunc - thread 0x258a110 starting.
13:53:02: DefaultWorkQueue('Root')::WorkerFunc - thread 0x2580290 starting.
13:53:02: DefaultWorkQueue('Root')::WorkerFunc - thread 0x257fdf0 starting.
13:53:02: Particle Renderer Type 'billboard' registered
13:53:02: SceneManagerFactory for type 'BspSceneManager' registered.
13:53:02: Registering ResourceManager for type BspLevel
13:53:02: SceneManagerFactory for type 'PCZSceneManager' registered.
13:53:02: MovableObjectFactory for type 'PCZLight' registered.
13:53:02: MovableObjectFactory for type 'Portal' registered.
13:53:02: MovableObjectFactory for type 'AntiPortal' registered.
13:53:02: PCZone Factory Type 'ZoneType_Octree' registered
13:53:02: PCZone Factory Type 'ZoneType_Terrain' registered
13:53:02: SceneManagerFactory for type 'OctreeSceneManager' registered.
13:53:02: SceneManagerFactory for type 'TerrainSceneManager' registered.
13:53:02: Creating resource group Essential
13:53:02: Added resource location 'media/packs/SdkTrays.zip' of type 'Zip' to resource group 'Essential'
13:53:02: Added resource location 'media/models' of type 'FileSystem' to resource group 'General'
13:53:02: Added resource location 'media/materials/scripts' of type 'FileSystem' to resource group 'General'
13:53:02: Added resource location 'media/materials/textures' of type 'FileSystem' to resource group 'General'
13:53:02: Added resource location 'media/packs/cubemapsJS.zip' of type 'Zip' to resource group 'General'
13:53:02: Added resource location 'media/packs/cubemap.zip' of type 'Zip' to resource group 'General'
13:53:02: Added resource location 'media/packs/skybox.zip' of type 'Zip' to resource group 'General'
13:53:02: Parsing scripts for resource group Autodetect
13:53:02: Finished parsing scripts for resource group Autodetect
13:53:02: Parsing scripts for resource group Essential
13:53:02: Parsing script SdkTrays.material
13:53:02: Parsing script SdkTrays.fontdef
13:53:02: Parsing script SdkTrays.overlay
13:53:02: Bad element attribute line: '# you can offset the image to change the cursor "hotspot"' for element SdkTrays/Cursor in overlay 
13:53:02: Texture: sdk_cursor.png: Loading 1 faces(PF_A8R8G8B8,32x32x1) with 5 generated mipmaps from Image. Internal format is PF_A8R8G8B8,32x32x1.
13:53:02: Texture: sdk_tray.png: Loading 1 faces(PF_A8R8G8B8,64x64x1) with 5 generated mipmaps from Image. Internal format is PF_A8R8G8B8,64x64x1.
13:53:02: Texture: sdk_button_up.png: Loading 1 faces(PF_A8R8G8B8,128x32x1) with 5 generated mipmaps from Image. Internal format is PF_A8R8G8B8,128x32x1.
13:53:02: Texture: sdk_text_box.png: Loading 1 faces(PF_A8R8G8B8,32x32x1) with 5 generated mipmaps from Image. Internal format is PF_A8R8G8B8,32x32x1.
13:53:02: Texture: sdk_mini_tray.png: Loading 1 faces(PF_A8R8G8B8,32x32x1) with 5 generated mipmaps from Image. Internal format is PF_A8R8G8B8,32x32x1.
13:53:02: Texture: sdk_track.png: Loading 1 faces(PF_A8R8G8B8,16x32x1) with 5 generated mipmaps from Image. Internal format is PF_A8R8G8B8,16x32x1.
13:53:02: Texture: sdk_handle.png: Loading 1 faces(PF_A8R8G8B8,16x16x1) with 4 generated mipmaps from Image. Internal format is PF_A8R8G8B8,16x16x1.
13:53:02: Texture: sdk_mini_text_box.png: Loading 1 faces(PF_A8R8G8B8,32x32x1) with 5 generated mipmaps from Image. Internal format is PF_A8R8G8B8,32x32x1.
13:53:02: Texture: sdk_label.png: Loading 1 faces(PF_A8R8G8B8,32x32x1) with 5 generated mipmaps from Image. Internal format is PF_A8R8G8B8,32x32x1.
13:53:02: Texture: sdk_separator.png: Loading 1 faces(PF_A8R8G8B8,64x16x1) with 5 generated mipmaps from Image. Internal format is PF_A8R8G8B8,64x16x1.
13:53:02: Texture: sdk_logo.png: Loading 1 faces(PF_A8R8G8B8,128x64x1) with 5 generated mipmaps from Image. Internal format is PF_A8R8G8B8,128x64x1.
13:53:02: Texture: sdk_shade.png: Loading 1 faces(PF_A8R8G8B8,64x48x1) with 5 generated mipmaps from Image. Internal format is PF_A8R8G8B8,64x48x1.
13:53:02: Texture: sdk_frame.png: Loading 1 faces(PF_A8R8G8B8,32x32x1) with 5 generated mipmaps from Image. Internal format is PF_A8R8G8B8,32x32x1.
13:53:02: Texture: sdk_mini_text_box_over.png: Loading 1 faces(PF_A8R8G8B8,32x32x1) with 5 generated mipmaps from Image. Internal format is PF_A8R8G8B8,32x32x1.
13:53:02: Texture: sdk_pulse.png: Loading 1 faces(PF_R8G8B8,8x1x1) with 3 generated mipmaps from Image. Internal format is PF_X8R8G8B8,8x1x1.
13:53:02: Finished parsing scripts for resource group Essential
13:53:02: Parsing scripts for resource group General
13:53:02: Parsing script Examples.material
13:53:02: Compiler error: reference to a non existing object in Examples.material(253)
13:53:02: Compiler error: reference to a non existing object in Examples.material(799)
13:53:02: Compiler error: reference to a non existing object in Examples.material(811)
13:53:02: Compiler error: reference to a non existing object in Examples.material(1308)
13:53:02: Compiler error: reference to a non existing object in Examples.material(1500)
13:53:02: Compiler error: reference to a non existing object in Examples.material(1535)
13:53:02: Compiler error: reference to a non existing object in Examples.material(1644)
13:53:02: Compiler error: reference to a non existing object in Examples.material(1649)
13:53:02: Compiler error: reference to a non existing object in Examples.material(1743)
13:53:02: Parsing script Ogre.material
13:53:02: Parsing script Penguin.material
13:53:02: Finished parsing scripts for resource group General
13:53:02: Parsing scripts for resource group Internal
13:53:02: Finished parsing scripts for resource group Internal
13:53:02: Demo initialized!
13:53:02: Texture: cloudy_noon_fr.jpg: Loading 1 faces(PF_R8G8B8,512x512x1) with 5 generated mipmaps from Image. Internal format is PF_X8R8G8B8,512x512x1.
13:53:02: Texture: cloudy_noon_bk.jpg: Loading 1 faces(PF_R8G8B8,512x512x1) with 5 generated mipmaps from Image. Internal format is PF_X8R8G8B8,512x512x1.
13:53:02: Texture: cloudy_noon_lf.jpg: Loading 1 faces(PF_R8G8B8,512x512x1) with 5 generated mipmaps from Image. Internal format is PF_X8R8G8B8,512x512x1.
13:53:02: Texture: cloudy_noon_rt.jpg: Loading 1 faces(PF_R8G8B8,512x512x1) with 5 generated mipmaps from Image. Internal format is PF_X8R8G8B8,512x512x1.
13:53:02: Texture: cloudy_noon_up.jpg: Loading 1 faces(PF_R8G8B8,512x512x1) with 5 generated mipmaps from Image. Internal format is PF_X8R8G8B8,512x512x1.
13:53:02: Texture: cloudy_noon_dn.jpg: Loading 1 faces(PF_R8G8B8,512x512x1) with 5 generated mipmaps from Image. Internal format is PF_X8R8G8B8,512x512x1.
13:53:02: Mesh: Loading sphere.mesh.
13:53:02: Texture: RustySteel.jpg: Loading 1 faces(PF_R8G8B8,256x256x1) with 5 generated mipmaps from Image. Internal format is PF_X8R8G8B8,256x256x1.
13:53:02: Texture: spheremap.png: Loading 1 faces(PF_R8G8B8,256x256x1) with 5 generated mipmaps from Image. Internal format is PF_X8R8G8B8,256x256x1.
13:53:02: Texture: rockwall.tga: Loading 1 faces(PF_R8G8B8,256x256x1) with 5 generated mipmaps from Image. Internal format is PF_X8R8G8B8,256x256x1.
13:53:02: Texture: Water01.jpg: Loading 1 faces(PF_R8G8B8,512x512x1) with 5 generated mipmaps from Image. Internal format is PF_X8R8G8B8,512x512x1.
13:53:02: Texture: Water02.jpg: Loading 1 faces(PF_R8G8B8,512x512x1) with 5 generated mipmaps from Image. Internal format is PF_X8R8G8B8,512x512x1.
13:53:02: Mesh: Loading penguin.mesh.
13:53:02: Skeleton: Loading penguin.skeleton
13:53:02: WARNING: penguin.mesh is an older format ([MeshSerializer_v1.40]); you should upgrade it as soon as possible using the OgreMeshUpgrade tool.
13:53:02: Texture: penguin.jpg: Loading 1 faces(PF_R8G8B8,512x512x1) with 5 generated mipmaps from Image. Internal format is PF_X8R8G8B8,512x512x1.
13:53:02: Start main loop...
13:53:02: Texture: spot_shadow_fade.png: Loading 1 faces(PF_R8G8B8,128x128x1) with 5 generated mipmaps from Image. Internal format is PF_X8R8G8B8,128x128x1.
13:53:02: Font SdkTrays/Captionusing texture size 512x256
13:53:02: Info: Freetype returned null for character 160 in font SdkTrays/Caption
13:53:02: Texture: SdkTrays/CaptionTexture: Loading 1 faces(PF_BYTE_LA,512x256x1) with 0 generated mipmaps from Image. Internal format is PF_BYTE_LA,512x256x1.
13:53:02: Font SdkTrays/Valueusing texture size 512x256
13:53:02: Info: Freetype returned null for character 127 in font SdkTrays/Value
13:53:02: Info: Freetype returned null for character 128 in font SdkTrays/Value
13:53:02: Info: Freetype returned null for character 129 in font SdkTrays/Value
13:53:02: Info: Freetype returned null for character 130 in font SdkTrays/Value
13:53:02: Info: Freetype returned null for character 131 in font SdkTrays/Value
13:53:02: Info: Freetype returned null for character 132 in font SdkTrays/Value
13:53:02: Info: Freetype returned null for character 133 in font SdkTrays/Value
13:53:02: Info: Freetype returned null for character 134 in font SdkTrays/Value
13:53:02: Info: Freetype returned null for character 135 in font SdkTrays/Value
13:53:02: Info: Freetype returned null for character 136 in font SdkTrays/Value
13:53:02: Info: Freetype returned null for character 137 in font SdkTrays/Value
13:53:02: Info: Freetype returned null for character 138 in font SdkTrays/Value
13:53:02: Info: Freetype returned null for character 139 in font SdkTrays/Value
13:53:02: Info: Freetype returned null for character 140 in font SdkTrays/Value
13:53:02: Info: Freetype returned null for character 141 in font SdkTrays/Value
13:53:02: Info: Freetype returned null for character 142 in font SdkTrays/Value
13:53:02: Info: Freetype returned null for character 143 in font SdkTrays/Value
13:53:02: Info: Freetype returned null for character 144 in font SdkTrays/Value
13:53:02: Info: Freetype returned null for character 145 in font SdkTrays/Value
13:53:02: Info: Freetype returned null for character 146 in font SdkTrays/Value
13:53:02: Info: Freetype returned null for character 147 in font SdkTrays/Value
13:53:02: Info: Freetype returned null for character 148 in font SdkTrays/Value
13:53:02: Info: Freetype returned null for character 149 in font SdkTrays/Value
13:53:02: Info: Freetype returned null for character 150 in font SdkTrays/Value
13:53:02: Info: Freetype returned null for character 151 in font SdkTrays/Value
13:53:02: Info: Freetype returned null for character 152 in font SdkTrays/Value
13:53:02: Info: Freetype returned null for character 153 in font SdkTrays/Value
13:53:02: Info: Freetype returned null for character 154 in font SdkTrays/Value
13:53:02: Info: Freetype returned null for character 155 in font SdkTrays/Value
13:53:02: Info: Freetype returned null for character 156 in font SdkTrays/Value
13:53:02: Info: Freetype returned null for character 157 in font SdkTrays/Value
13:53:02: Info: Freetype returned null for character 158 in font SdkTrays/Value
13:53:02: Info: Freetype returned null for character 159 in font SdkTrays/Value
13:53:02: Info: Freetype returned null for character 160 in font SdkTrays/Value
13:53:02: Texture: SdkTrays/ValueTexture: Loading 1 faces(PF_BYTE_LA,512x256x1) with 0 generated mipmaps from Image. Internal format is PF_BYTE_LA,512x256x1.
13:53:10: Main loop quit
13:53:10: Shutdown OGRE...
13:53:10: DefaultWorkQueue('Root') shutting down on thread 0x22e06a0.
13:53:10: DefaultWorkQueue('Root')::WorkerFunc - thread 0x236c4e0 stopped.
13:53:10: DefaultWorkQueue('Root')::WorkerFunc - thread 0x2588a40 stopped.
13:53:10: DefaultWorkQueue('Root')::WorkerFunc - thread 0x236c600 stopped.
13:53:10: DefaultWorkQueue('Root')::WorkerFunc - thread 0x2580290 stopped.
13:53:10: DefaultWorkQueue('Root')::WorkerFunc - thread 0x258a3b0 stopped.
13:53:10: DefaultWorkQueue('Root')::WorkerFunc - thread 0x258a110 stopped.
13:53:10: DefaultWorkQueue('Root')::WorkerFunc - thread 0x257ddc0 stopped.
13:53:10: DefaultWorkQueue('Root')::WorkerFunc - thread 0x257fdf0 stopped.
13:53:10: PCZone Factory Type 'ZoneType_Octree' unregistered
13:53:10: PCZone Factory Type 'ZoneType_Terrain' unregistered
13:53:10: Unregistering ResourceManager for type BspLevel
13:53:10: *-*-* OGRE Shutdown
13:53:10: Unregistering ResourceManager for type Compositor
13:53:10: Unregistering ResourceManager for type Font
13:53:10: Unregistering ResourceManager for type Skeleton
13:53:10: Unregistering ResourceManager for type Mesh
13:53:10: Unregistering ResourceManager for type HighLevelGpuProgram
13:53:10: Uninstalling plugin: Octree & Terrain Scene Manager
13:53:10: Plugin successfully uninstalled
13:53:10: Unloading library /usr/local/lib/OGRE/Plugin_OctreeSceneManager
13:53:10: Uninstalling plugin: Octree Zone Factory
13:53:10: Plugin successfully uninstalled
13:53:10: Unloading library /usr/local/lib/OGRE/Plugin_OctreeZone
13:53:10: Uninstalling plugin: Portal Connected Zone Scene Manager
13:53:10: Plugin successfully uninstalled
13:53:10: Unloading library /usr/local/lib/OGRE/Plugin_PCZSceneManager
13:53:10: Uninstalling plugin: BSP Scene Manager
13:53:10: Plugin successfully uninstalled
13:53:10: Unloading library /usr/local/lib/OGRE/Plugin_BSPSceneManager
13:53:10: Uninstalling plugin: ParticleFX
13:53:10: Plugin successfully uninstalled
13:53:10: Unloading library /usr/local/lib/OGRE/Plugin_ParticleFX
13:53:10: Uninstalling plugin: GL RenderSystem
13:53:10: Unregistering ResourceManager for type GpuProgram
13:53:10: ******************************
*** Stopping GLX Subsystem ***
******************************
13:53:10: Unregistering ResourceManager for type Texture
13:53:10: Plugin successfully uninstalled
13:53:10: Unloading library /usr/local/lib/OGRE/RenderSystem_GL
13:53:11: Unregistering ResourceManager for type Material
